{
  "stats": {
    "suites": 1,
    "tests": 2,
    "passes": 2,
    "pending": 0,
    "failures": 0,
    "start": "2020-12-28T15:00:26.135Z",
    "end": "2020-12-28T15:00:28.866Z",
    "duration": 2731,
    "testsRegistered": 2,
    "passPercent": 100,
    "pendingPercent": 0,
    "other": 0,
    "hasOther": false,
    "skipped": 0,
    "hasSkipped": false
  },
  "results": [
    {
      "uuid": "3af4ed2e-40ef-425f-bc05-6456e772a74f",
      "title": "",
      "fullFile": "cypress\\integration\\E2E\\loginForm.ts",
      "file": "cypress\\integration\\E2E\\loginForm.ts",
      "beforeHooks": [],
      "afterHooks": [],
      "tests": [],
      "suites": [
        {
          "uuid": "7ae5b7b2-0a17-4f3c-bc03-eaf2f4dc8dca",
          "title": "Zadanie 6 Login Form",
          "fullFile": "",
          "file": "",
          "beforeHooks": [],
          "afterHooks": [],
          "tests": [
            {
              "title": "Should test of Zadanie 6, fill in the login form",
              "fullTitle": "Zadanie 6 Login Form Should test of Zadanie 6, fill in the login form",
              "timedOut": null,
              "duration": 1909,
              "state": "passed",
              "speed": "slow",
              "pass": true,
              "fail": false,
              "pending": false,
              "context": null,
              "code": "ce.getOpenDetails().click(); // open the test case\nce.getClose().click();\nloginForm.getLoginForm().within(function ($form) {\n    ce.getLogin().then(function (login) {\n        loginForm.getInputlogin().type(login.login);\n        loginForm.getInputPassword().type(login.password);\n        ce.getRoot().submit(login);\n    });\n});\n//loginForm.getDownloadFile().click(); // Button \"Download File\"\nloginForm.getLogOut().click();",
              "err": {},
              "uuid": "9f7e84d5-575b-4e75-af10-377fe8ff7da1",
              "parentUUID": "7ae5b7b2-0a17-4f3c-bc03-eaf2f4dc8dca",
              "isHook": false,
              "skipped": false
            },
            {
              "title": "Should fill in the login form with the fake information",
              "fullTitle": "Zadanie 6 Login Form Should fill in the login form with the fake information",
              "timedOut": null,
              "duration": 802,
              "state": "passed",
              "speed": "slow",
              "pass": true,
              "fail": false,
              "pending": false,
              "context": null,
              "code": "loginForm.getLoginForm().within(function ($form) {\n    ce.getLogin().then(function (login) {\n        loginForm.getInputlogin().type(login.fakeLogin);\n        loginForm.getInputPassword().type(login.fakePassword);\n        ce.getRoot().submit(login);\n    });\n});",
              "err": {},
              "uuid": "051edcb8-3eb7-44a2-b9c1-a9057e7286ba",
              "parentUUID": "7ae5b7b2-0a17-4f3c-bc03-eaf2f4dc8dca",
              "isHook": false,
              "skipped": false
            }
          ],
          "suites": [],
          "passes": [
            "9f7e84d5-575b-4e75-af10-377fe8ff7da1",
            "051edcb8-3eb7-44a2-b9c1-a9057e7286ba"
          ],
          "failures": [],
          "pending": [],
          "skipped": [],
          "duration": 2711,
          "root": false,
          "rootEmpty": false,
          "_timeout": 2000
        }
      ],
      "passes": [],
      "failures": [],
      "pending": [],
      "skipped": [],
      "duration": 0,
      "root": true,
      "rootEmpty": true,
      "_timeout": 2000
    }
  ],
  "meta": {
    "mocha": {
      "version": "7.0.1"
    },
    "mochawesome": {
      "options": {
        "quiet": false,
        "reportFilename": "mochawesome",
        "saveHtml": false,
        "saveJson": true,
        "consoleReporter": "spec",
        "useInlineDiffs": false,
        "code": true
      },
      "version": "6.2.1"
    },
    "marge": {
      "options": {
        "id": "default",
        "reportDir": "cypress/reports/mocha",
        "quite": true,
        "overwrite": false,
        "html": false,
        "json": true
      },
      "version": "5.1.0"
    }
  }
}