{
  "stats": {
    "suites": 1,
    "tests": 2,
    "passes": 2,
    "pending": 0,
    "failures": 0,
    "start": "2020-12-18T09:06:16.977Z",
    "end": "2020-12-18T09:06:19.667Z",
    "duration": 2690,
    "testsRegistered": 2,
    "passPercent": 100,
    "pendingPercent": 0,
    "other": 0,
    "hasOther": false,
    "skipped": 0,
    "hasSkipped": false
  },
  "results": [
    {
      "uuid": "b9cc6a0c-45c8-45f9-8d9b-dd9de7dbf98f",
      "title": "",
      "fullFile": "cypress\\integration\\E2E\\taskPage4.ts",
      "file": "cypress\\integration\\E2E\\taskPage4.ts",
      "beforeHooks": [],
      "afterHooks": [],
      "tests": [],
      "suites": [
        {
          "uuid": "baa1935a-970a-4875-b510-67b867248f7e",
          "title": "Zadanie 4 Page",
          "fullFile": "",
          "file": "",
          "beforeHooks": [],
          "afterHooks": [],
          "tests": [
            {
              "title": "Should Clicking the Apply button opens a new browser window with the form",
              "fullTitle": "Zadanie 4 Page Should Clicking the Apply button opens a new browser window with the form",
              "timedOut": null,
              "duration": 1470,
              "state": "passed",
              "speed": "slow",
              "pass": true,
              "fail": false,
              "pending": false,
              "context": null,
              "code": "ce.getOpenDetails().click();\nce.getClose().click();\ntaskPage.getApplyBtn().click();",
              "err": {},
              "uuid": "e38ee0f2-d7c9-474f-a4d3-ac5ea3e00740",
              "parentUUID": "baa1935a-970a-4875-b510-67b867248f7e",
              "isHook": false,
              "skipped": false
            },
            {
              "title": "Should be complete the form and send the form",
              "fullTitle": "Zadanie 4 Page Should be complete the form and send the form",
              "timedOut": null,
              "duration": 1193,
              "state": "passed",
              "speed": "slow",
              "pass": true,
              "fail": false,
              "pending": false,
              "context": null,
              "code": "taskPage = index_1.Navigation.taskPage4_frame();\nce.getUserData().then(function (user) {\n    taskPage.getInputName().type(user.name);\n    taskPage.getInputEmail().type(user.email);\n    taskPage.getInputPhone().type(user.phone);\n});\ntaskPage.getSaveBtn().click();\ntaskPage.getTexth1().should('have.text', text);",
              "err": {},
              "uuid": "5ff388a0-c446-4441-a286-f99ebecd5f1f",
              "parentUUID": "baa1935a-970a-4875-b510-67b867248f7e",
              "isHook": false,
              "skipped": false
            }
          ],
          "suites": [],
          "passes": [
            "e38ee0f2-d7c9-474f-a4d3-ac5ea3e00740",
            "5ff388a0-c446-4441-a286-f99ebecd5f1f"
          ],
          "failures": [],
          "pending": [],
          "skipped": [],
          "duration": 2663,
          "root": false,
          "rootEmpty": false,
          "_timeout": 2000
        }
      ],
      "passes": [],
      "failures": [],
      "pending": [],
      "skipped": [],
      "duration": 0,
      "root": true,
      "rootEmpty": true,
      "_timeout": 2000
    }
  ],
  "meta": {
    "mocha": {
      "version": "7.0.1"
    },
    "mochawesome": {
      "options": {
        "quiet": false,
        "reportFilename": "mochawesome",
        "saveHtml": false,
        "saveJson": true,
        "consoleReporter": "spec",
        "useInlineDiffs": false,
        "code": true
      },
      "version": "6.2.1"
    },
    "marge": {
      "options": {
        "id": "default",
        "reportDir": "cypress/reports/mocha",
        "quite": true,
        "overwrite": false,
        "html": false,
        "json": true
      },
      "version": "5.1.0"
    }
  }
}