{
  "stats": {
    "suites": 1,
    "tests": 1,
    "passes": 1,
    "pending": 0,
    "failures": 0,
    "start": "2020-12-08T20:05:47.765Z",
    "end": "2020-12-08T20:05:49.158Z",
    "duration": 1393,
    "testsRegistered": 1,
    "passPercent": 100,
    "pendingPercent": 0,
    "other": 0,
    "hasOther": false,
    "skipped": 0,
    "hasSkipped": false
  },
  "results": [
    {
      "uuid": "f88dbe66-a50b-4a08-aff7-81ec7f8ebbe4",
      "title": "",
      "fullFile": "cypress\\integration\\E2E\\mainPage.ts",
      "file": "cypress\\integration\\E2E\\mainPage.ts",
      "beforeHooks": [],
      "afterHooks": [],
      "tests": [],
      "suites": [
        {
          "uuid": "5a2da8f0-a768-4fa7-bf46-77ae85b6723a",
          "title": "Main page",
          "fullFile": "",
          "file": "",
          "beforeHooks": [],
          "afterHooks": [],
          "tests": [
            {
              "title": "Should show elements of main page",
              "fullTitle": "Main page Should show elements of main page",
              "timedOut": null,
              "duration": 1360,
              "state": "passed",
              "speed": "slow",
              "pass": true,
              "fail": false,
              "pending": false,
              "context": null,
              "code": "mainPage.getLogoAsta().should('be.visible');\nmainPage.getLogoAstaLink().should('have.attr', 'href', 'https://asta.pgs-soft.com/');\nmainPage.getLogoPgs().should('be.visible');\nmainPage.getTaskList().should(function ($tasklist) {\n    expect($tasklist.eq(0)).to.contain('Zadanie 1');\n    expect($tasklist.eq(1)).to.contain('Zadanie 2');\n    expect($tasklist.eq(2)).to.contain('Zadanie 3');\n    expect($tasklist.eq(3)).to.contain('Zadanie 4');\n    expect($tasklist.eq(4)).to.contain('Zadanie 5');\n    expect($tasklist.eq(5)).to.contain('Zadanie 6');\n    expect($tasklist.eq(6)).to.contain('Zadanie 7');\n    expect($tasklist.eq(7)).to.contain('Zadanie 8');\n    expect($tasklist.eq(8)).to.contain('Zadanie 9');\n    expect($tasklist.eq(9)).to.contain('Zadanie 10');\n});\nmainPage.getZadanie1().click();",
              "err": {},
              "uuid": "3844727d-29ec-479c-9ee8-004d6d2b0016",
              "parentUUID": "5a2da8f0-a768-4fa7-bf46-77ae85b6723a",
              "isHook": false,
              "skipped": false
            }
          ],
          "suites": [],
          "passes": [
            "3844727d-29ec-479c-9ee8-004d6d2b0016"
          ],
          "failures": [],
          "pending": [],
          "skipped": [],
          "duration": 1360,
          "root": false,
          "rootEmpty": false,
          "_timeout": 2000
        }
      ],
      "passes": [],
      "failures": [],
      "pending": [],
      "skipped": [],
      "duration": 0,
      "root": true,
      "rootEmpty": true,
      "_timeout": 2000
    }
  ],
  "meta": {
    "mocha": {
      "version": "7.0.1"
    },
    "mochawesome": {
      "options": {
        "quiet": false,
        "reportFilename": "mochawesome",
        "saveHtml": false,
        "saveJson": true,
        "consoleReporter": "spec",
        "useInlineDiffs": false,
        "code": true
      },
      "version": "6.2.1"
    },
    "marge": {
      "options": {
        "id": "default",
        "reportDir": "cypress/reports/mocha",
        "quite": true,
        "overwrite": false,
        "html": false,
        "json": true
      },
      "version": "5.1.0"
    }
  }
}