{
  "stats": {
    "suites": 1,
    "tests": 1,
    "passes": 1,
    "pending": 0,
    "failures": 0,
    "start": "2020-12-18T09:05:36.915Z",
    "end": "2020-12-18T09:05:40.987Z",
    "duration": 4072,
    "testsRegistered": 1,
    "passPercent": 100,
    "pendingPercent": 0,
    "other": 0,
    "hasOther": false,
    "skipped": 0,
    "hasSkipped": false
  },
  "results": [
    {
      "uuid": "59dec5f1-fbd9-4c4d-bafa-9813501b2e74",
      "title": "",
      "fullFile": "cypress\\integration\\E2E\\taskPage1.ts",
      "file": "cypress\\integration\\E2E\\taskPage1.ts",
      "beforeHooks": [],
      "afterHooks": [],
      "tests": [],
      "suites": [
        {
          "uuid": "84147986-ab6c-4ad1-a273-7a4e8f4a0f87",
          "title": "Zadanie 1 Page",
          "fullFile": "",
          "file": "",
          "beforeHooks": [],
          "afterHooks": [],
          "tests": [
            {
              "title": "Should test of Zadanie 1",
              "fullTitle": "Zadanie 1 Page Should test of Zadanie 1",
              "timedOut": null,
              "duration": 4020,
              "state": "passed",
              "speed": "slow",
              "pass": true,
              "fail": false,
              "pending": false,
              "context": null,
              "code": "ce.getOpenDetails().click();\nce.getClose().click();\ntaskPage.getGlassesFormControl().clear().type('15');\ntaskPage.getAddGlassesBtn().should('be.visible').click();\ntaskPage.getQuantityForGlasses().should('have.text', '15');\ntaskPage.getBallFormControl().clear().type('15');\ntaskPage.getAddBallBtn().should('be.visible').click();\ntaskPage.getCameraFormControl().clear().type('101');\ntaskPage.getAddCameraBtn().should('be.visible').click();\ntaskPage.getCameraFormControl().clear().type('0');\ntaskPage.getAddCameraBtn().should('be.visible').click();\ntaskPage.getBasketSummary().should(function ($basketSummary) {\n    expect($basketSummary.eq(0)).to.contain('Łączna ilość produktów:');\n    expect($basketSummary.eq(1)).to.contain('Do zapłaty:');\n});\nce.getMainReset().click();",
              "err": {},
              "uuid": "39c864e9-2f23-42cd-9bc7-edd6d8f7ae3a",
              "parentUUID": "84147986-ab6c-4ad1-a273-7a4e8f4a0f87",
              "isHook": false,
              "skipped": false
            }
          ],
          "suites": [],
          "passes": [
            "39c864e9-2f23-42cd-9bc7-edd6d8f7ae3a"
          ],
          "failures": [],
          "pending": [],
          "skipped": [],
          "duration": 4020,
          "root": false,
          "rootEmpty": false,
          "_timeout": 2000
        }
      ],
      "passes": [],
      "failures": [],
      "pending": [],
      "skipped": [],
      "duration": 0,
      "root": true,
      "rootEmpty": true,
      "_timeout": 2000
    }
  ],
  "meta": {
    "mocha": {
      "version": "7.0.1"
    },
    "mochawesome": {
      "options": {
        "quiet": false,
        "reportFilename": "mochawesome",
        "saveHtml": false,
        "saveJson": true,
        "consoleReporter": "spec",
        "useInlineDiffs": false,
        "code": true
      },
      "version": "6.2.1"
    },
    "marge": {
      "options": {
        "id": "default",
        "reportDir": "cypress/reports/mocha",
        "quite": true,
        "overwrite": false,
        "html": false,
        "json": true
      },
      "version": "5.1.0"
    }
  }
}