{
  "stats": {
    "suites": 1,
    "tests": 1,
    "passes": 1,
    "pending": 0,
    "failures": 0,
    "start": "2020-12-18T09:06:04.197Z",
    "end": "2020-12-18T09:06:08.431Z",
    "duration": 4234,
    "testsRegistered": 1,
    "passPercent": 100,
    "pendingPercent": 0,
    "other": 0,
    "hasOther": false,
    "skipped": 0,
    "hasSkipped": false
  },
  "results": [
    {
      "uuid": "b84ddd3d-78c5-4efe-b884-113e9919cdab",
      "title": "",
      "fullFile": "cypress\\integration\\E2E\\taskPage3.ts",
      "file": "cypress\\integration\\E2E\\taskPage3.ts",
      "beforeHooks": [],
      "afterHooks": [],
      "tests": [],
      "suites": [
        {
          "uuid": "26417519-a82b-4185-a098-050ae9839226",
          "title": "Zadanie 3 Page",
          "fullFile": "",
          "file": "",
          "beforeHooks": [],
          "afterHooks": [],
          "tests": [
            {
              "title": "Should test of Zadanie 3",
              "fullTitle": "Zadanie 3 Page Should test of Zadanie 3",
              "timedOut": null,
              "duration": 4120,
              "state": "passed",
              "speed": "slow",
              "pass": true,
              "fail": false,
              "pending": false,
              "context": null,
              "code": "ce.getOpenDetails().click();\nce.getClose().click();\ntaskPage.getMenuBtn().should('be.visible').click();\ntaskPage.getItemForm().click({ force: true });\ntaskPage.getCaretRight().click({ force: true });\ntaskPage.getEditMode().click({ force: true });\nce.getUserData().then(function (user) {\n    taskPage.getInputName().clear().type(user.name);\n    taskPage.getInputSurname().clear().type(user.surname);\n    taskPage.getTextAreaNotes().clear().type(user.notes);\n    taskPage.getInputPhone().clear().type(user.phone);\n});\n/* taskPage.getUploadfileBtn().click()\n cy.fixture('tor').as('torJpg')\n     */\ntaskPage.getSaveBtn().click();\n/*ce.getMainReset().click();*/",
              "err": {},
              "uuid": "f12d04bc-79b9-4bff-8d24-3bb501629636",
              "parentUUID": "26417519-a82b-4185-a098-050ae9839226",
              "isHook": false,
              "skipped": false
            }
          ],
          "suites": [],
          "passes": [
            "f12d04bc-79b9-4bff-8d24-3bb501629636"
          ],
          "failures": [],
          "pending": [],
          "skipped": [],
          "duration": 4120,
          "root": false,
          "rootEmpty": false,
          "_timeout": 2000
        }
      ],
      "passes": [],
      "failures": [],
      "pending": [],
      "skipped": [],
      "duration": 0,
      "root": true,
      "rootEmpty": true,
      "_timeout": 2000
    }
  ],
  "meta": {
    "mocha": {
      "version": "7.0.1"
    },
    "mochawesome": {
      "options": {
        "quiet": false,
        "reportFilename": "mochawesome",
        "saveHtml": false,
        "saveJson": true,
        "consoleReporter": "spec",
        "useInlineDiffs": false,
        "code": true
      },
      "version": "6.2.1"
    },
    "marge": {
      "options": {
        "id": "default",
        "reportDir": "cypress/reports/mocha",
        "quite": true,
        "overwrite": false,
        "html": false,
        "json": true
      },
      "version": "5.1.0"
    }
  }
}