{
  "stats": {
    "suites": 5,
    "tests": 6,
    "passes": 6,
    "pending": 0,
    "failures": 0,
    "start": "2020-12-18T09:05:22.307Z",
    "end": "2020-12-18T09:06:19.667Z",
    "duration": 15706,
    "testsRegistered": 6,
    "passPercent": 100,
    "pendingPercent": 0,
    "other": 0,
    "hasOther": false,
    "skipped": 0,
    "hasSkipped": false
  },
  "results": [
    {
      "uuid": "59dec5f1-fbd9-4c4d-bafa-9813501b2e74",
      "title": "",
      "fullFile": "cypress\\integration\\E2E\\taskPage1.ts",
      "file": "cypress\\integration\\E2E\\taskPage1.ts",
      "beforeHooks": [],
      "afterHooks": [],
      "tests": [],
      "suites": [
        {
          "uuid": "84147986-ab6c-4ad1-a273-7a4e8f4a0f87",
          "title": "Zadanie 1 Page",
          "fullFile": "",
          "file": "",
          "beforeHooks": [],
          "afterHooks": [],
          "tests": [
            {
              "title": "Should test of Zadanie 1",
              "fullTitle": "Zadanie 1 Page Should test of Zadanie 1",
              "timedOut": null,
              "duration": 4020,
              "state": "passed",
              "speed": "slow",
              "pass": true,
              "fail": false,
              "pending": false,
              "context": null,
              "code": "ce.getOpenDetails().click();\nce.getClose().click();\ntaskPage.getGlassesFormControl().clear().type('15');\ntaskPage.getAddGlassesBtn().should('be.visible').click();\ntaskPage.getQuantityForGlasses().should('have.text', '15');\ntaskPage.getBallFormControl().clear().type('15');\ntaskPage.getAddBallBtn().should('be.visible').click();\ntaskPage.getCameraFormControl().clear().type('101');\ntaskPage.getAddCameraBtn().should('be.visible').click();\ntaskPage.getCameraFormControl().clear().type('0');\ntaskPage.getAddCameraBtn().should('be.visible').click();\ntaskPage.getBasketSummary().should(function ($basketSummary) {\n    expect($basketSummary.eq(0)).to.contain('Łączna ilość produktów:');\n    expect($basketSummary.eq(1)).to.contain('Do zapłaty:');\n});\nce.getMainReset().click();",
              "err": {},
              "uuid": "39c864e9-2f23-42cd-9bc7-edd6d8f7ae3a",
              "parentUUID": "84147986-ab6c-4ad1-a273-7a4e8f4a0f87",
              "isHook": false,
              "skipped": false
            }
          ],
          "suites": [],
          "passes": [
            "39c864e9-2f23-42cd-9bc7-edd6d8f7ae3a"
          ],
          "failures": [],
          "pending": [],
          "skipped": [],
          "duration": 4020,
          "root": false,
          "rootEmpty": false,
          "_timeout": 2000
        }
      ],
      "passes": [],
      "failures": [],
      "pending": [],
      "skipped": [],
      "duration": 0,
      "root": true,
      "rootEmpty": true,
      "_timeout": 2000
    },
    {
      "uuid": "6f086ec5-7d6e-4df0-84a7-04777bd89237",
      "title": "",
      "fullFile": "cypress\\integration\\E2E\\taskPage2.ts",
      "file": "cypress\\integration\\E2E\\taskPage2.ts",
      "beforeHooks": [],
      "afterHooks": [],
      "tests": [],
      "suites": [
        {
          "uuid": "93783380-fae5-484b-9b1d-685dca32cee4",
          "title": "Zadanie 2 Page",
          "fullFile": "",
          "file": "",
          "beforeHooks": [],
          "afterHooks": [],
          "tests": [
            {
              "title": "Should test of Zadanie 2",
              "fullTitle": "Zadanie 2 Page Should test of Zadanie 2",
              "timedOut": null,
              "duration": 3170,
              "state": "passed",
              "speed": "slow",
              "pass": true,
              "fail": false,
              "pending": false,
              "context": null,
              "code": "ce.getOpenDetails().click();\nce.getClose().click();\ntaskPage.getSelectionPlaceholder().should('have.text', 'Proszę wybrać kategorie').click();\ntaskPage.getChooseProduct().should(function ($chooseProduct) {\n    expect($chooseProduct.eq(0)).to.contain('');\n    expect($chooseProduct.eq(1)).to.contain('Sport');\n    expect($chooseProduct.eq(2)).to.contain('Elektronika');\n    expect($chooseProduct.eq(3)).to.contain('Firma i usługi');\n});\ntaskPage.getInputChooseProduct().type('Sport{enter}');\ntaskPage.getSelectionArrow().click();\ntaskPage.getInputChooseProduct().clear().type('Elektronika{enter}');\ntaskPage.getSelectionArrow().click();\ntaskPage.getInputChooseProduct().clear().type('Firma i usługi{enter}');\nce.getMainReset().click();",
              "err": {},
              "uuid": "9fdaf72e-b463-4f25-8669-28238288c211",
              "parentUUID": "93783380-fae5-484b-9b1d-685dca32cee4",
              "isHook": false,
              "skipped": false
            }
          ],
          "suites": [],
          "passes": [
            "9fdaf72e-b463-4f25-8669-28238288c211"
          ],
          "failures": [],
          "pending": [],
          "skipped": [],
          "duration": 3170,
          "root": false,
          "rootEmpty": false,
          "_timeout": 2000
        }
      ],
      "passes": [],
      "failures": [],
      "pending": [],
      "skipped": [],
      "duration": 0,
      "root": true,
      "rootEmpty": true,
      "_timeout": 2000
    },
    {
      "uuid": "b84ddd3d-78c5-4efe-b884-113e9919cdab",
      "title": "",
      "fullFile": "cypress\\integration\\E2E\\taskPage3.ts",
      "file": "cypress\\integration\\E2E\\taskPage3.ts",
      "beforeHooks": [],
      "afterHooks": [],
      "tests": [],
      "suites": [
        {
          "uuid": "26417519-a82b-4185-a098-050ae9839226",
          "title": "Zadanie 3 Page",
          "fullFile": "",
          "file": "",
          "beforeHooks": [],
          "afterHooks": [],
          "tests": [
            {
              "title": "Should test of Zadanie 3",
              "fullTitle": "Zadanie 3 Page Should test of Zadanie 3",
              "timedOut": null,
              "duration": 4120,
              "state": "passed",
              "speed": "slow",
              "pass": true,
              "fail": false,
              "pending": false,
              "context": null,
              "code": "ce.getOpenDetails().click();\nce.getClose().click();\ntaskPage.getMenuBtn().should('be.visible').click();\ntaskPage.getItemForm().click({ force: true });\ntaskPage.getCaretRight().click({ force: true });\ntaskPage.getEditMode().click({ force: true });\nce.getUserData().then(function (user) {\n    taskPage.getInputName().clear().type(user.name);\n    taskPage.getInputSurname().clear().type(user.surname);\n    taskPage.getTextAreaNotes().clear().type(user.notes);\n    taskPage.getInputPhone().clear().type(user.phone);\n});\n/* taskPage.getUploadfileBtn().click()\n cy.fixture('tor').as('torJpg')\n     */\ntaskPage.getSaveBtn().click();\n/*ce.getMainReset().click();*/",
              "err": {},
              "uuid": "f12d04bc-79b9-4bff-8d24-3bb501629636",
              "parentUUID": "26417519-a82b-4185-a098-050ae9839226",
              "isHook": false,
              "skipped": false
            }
          ],
          "suites": [],
          "passes": [
            "f12d04bc-79b9-4bff-8d24-3bb501629636"
          ],
          "failures": [],
          "pending": [],
          "skipped": [],
          "duration": 4120,
          "root": false,
          "rootEmpty": false,
          "_timeout": 2000
        }
      ],
      "passes": [],
      "failures": [],
      "pending": [],
      "skipped": [],
      "duration": 0,
      "root": true,
      "rootEmpty": true,
      "_timeout": 2000
    },
    {
      "uuid": "b9cc6a0c-45c8-45f9-8d9b-dd9de7dbf98f",
      "title": "",
      "fullFile": "cypress\\integration\\E2E\\taskPage4.ts",
      "file": "cypress\\integration\\E2E\\taskPage4.ts",
      "beforeHooks": [],
      "afterHooks": [],
      "tests": [],
      "suites": [
        {
          "uuid": "baa1935a-970a-4875-b510-67b867248f7e",
          "title": "Zadanie 4 Page",
          "fullFile": "",
          "file": "",
          "beforeHooks": [],
          "afterHooks": [],
          "tests": [
            {
              "title": "Should Clicking the Apply button opens a new browser window with the form",
              "fullTitle": "Zadanie 4 Page Should Clicking the Apply button opens a new browser window with the form",
              "timedOut": null,
              "duration": 1470,
              "state": "passed",
              "speed": "slow",
              "pass": true,
              "fail": false,
              "pending": false,
              "context": null,
              "code": "ce.getOpenDetails().click();\nce.getClose().click();\ntaskPage.getApplyBtn().click();",
              "err": {},
              "uuid": "e38ee0f2-d7c9-474f-a4d3-ac5ea3e00740",
              "parentUUID": "baa1935a-970a-4875-b510-67b867248f7e",
              "isHook": false,
              "skipped": false
            },
            {
              "title": "Should be complete the form and send the form",
              "fullTitle": "Zadanie 4 Page Should be complete the form and send the form",
              "timedOut": null,
              "duration": 1193,
              "state": "passed",
              "speed": "slow",
              "pass": true,
              "fail": false,
              "pending": false,
              "context": null,
              "code": "taskPage = index_1.Navigation.taskPage4_frame();\nce.getUserData().then(function (user) {\n    taskPage.getInputName().type(user.name);\n    taskPage.getInputEmail().type(user.email);\n    taskPage.getInputPhone().type(user.phone);\n});\ntaskPage.getSaveBtn().click();\ntaskPage.getTexth1().should('have.text', text);",
              "err": {},
              "uuid": "5ff388a0-c446-4441-a286-f99ebecd5f1f",
              "parentUUID": "baa1935a-970a-4875-b510-67b867248f7e",
              "isHook": false,
              "skipped": false
            }
          ],
          "suites": [],
          "passes": [
            "e38ee0f2-d7c9-474f-a4d3-ac5ea3e00740",
            "5ff388a0-c446-4441-a286-f99ebecd5f1f"
          ],
          "failures": [],
          "pending": [],
          "skipped": [],
          "duration": 2663,
          "root": false,
          "rootEmpty": false,
          "_timeout": 2000
        }
      ],
      "passes": [],
      "failures": [],
      "pending": [],
      "skipped": [],
      "duration": 0,
      "root": true,
      "rootEmpty": true,
      "_timeout": 2000
    },
    {
      "uuid": "4003bc41-4db4-4ff7-bb2e-cdcec64e6254",
      "title": "",
      "fullFile": "cypress\\integration\\E2E\\mainPage.ts",
      "file": "cypress\\integration\\E2E\\mainPage.ts",
      "beforeHooks": [],
      "afterHooks": [],
      "tests": [],
      "suites": [
        {
          "uuid": "483ae25d-68c3-4394-99ee-98d10e67df22",
          "title": "Main page",
          "fullFile": "",
          "file": "",
          "beforeHooks": [],
          "afterHooks": [],
          "tests": [
            {
              "title": "Should show elements of main page",
              "fullTitle": "Main page Should show elements of main page",
              "timedOut": null,
              "duration": 1733,
              "state": "passed",
              "speed": "slow",
              "pass": true,
              "fail": false,
              "pending": false,
              "context": null,
              "code": "mainPage.getLogoAsta().should('be.visible');\nmainPage.getLogoAstaLink().should('have.attr', 'href', 'https://asta.pgs-soft.com/');\nmainPage.getLogoPgs().should('be.visible');\nmainPage.getTaskList().should(function ($tasklist) {\n    expect($tasklist.eq(0)).to.contain('Zadanie 1');\n    expect($tasklist.eq(1)).to.contain('Zadanie 2');\n    expect($tasklist.eq(2)).to.contain('Zadanie 3');\n    expect($tasklist.eq(3)).to.contain('Zadanie 4');\n    expect($tasklist.eq(4)).to.contain('Zadanie 5');\n    expect($tasklist.eq(5)).to.contain('Zadanie 6');\n    expect($tasklist.eq(6)).to.contain('Zadanie 7');\n    expect($tasklist.eq(7)).to.contain('Zadanie 8');\n    expect($tasklist.eq(8)).to.contain('Zadanie 9');\n    expect($tasklist.eq(9)).to.contain('Zadanie 10');\n});\nmainPage.getZadanie1().click();",
              "err": {},
              "uuid": "6a87ff3b-e58b-4618-8da1-7e6830172da4",
              "parentUUID": "483ae25d-68c3-4394-99ee-98d10e67df22",
              "isHook": false,
              "skipped": false
            }
          ],
          "suites": [],
          "passes": [
            "6a87ff3b-e58b-4618-8da1-7e6830172da4"
          ],
          "failures": [],
          "pending": [],
          "skipped": [],
          "duration": 1733,
          "root": false,
          "rootEmpty": false,
          "_timeout": 2000
        }
      ],
      "passes": [],
      "failures": [],
      "pending": [],
      "skipped": [],
      "duration": 0,
      "root": true,
      "rootEmpty": true,
      "_timeout": 2000
    }
  ],
  "meta": {
    "mocha": {
      "version": "7.0.1"
    },
    "mochawesome": {
      "options": {
        "quiet": false,
        "reportFilename": "mochawesome",
        "saveHtml": false,
        "saveJson": true,
        "consoleReporter": "spec",
        "useInlineDiffs": false,
        "code": true
      },
      "version": "6.2.1"
    },
    "marge": {
      "options": {
        "id": "default",
        "reportDir": "cypress/reports/mocha",
        "quite": true,
        "overwrite": false,
        "html": false,
        "json": true
      },
      "version": "5.1.0"
    }
  }
}