{
  "stats": {
    "suites": 5,
    "tests": 6,
    "passes": 5,
    "pending": 0,
    "failures": 1,
    "start": "2020-12-08T20:05:47.765Z",
    "end": "2020-12-08T20:06:43.505Z",
    "duration": 22803,
    "testsRegistered": 6,
    "passPercent": 83.33333333333333,
    "pendingPercent": 0,
    "other": 0,
    "hasOther": false,
    "skipped": 0,
    "hasSkipped": false
  },
  "results": [
    {
      "uuid": "3be44d1f-bfbe-4db5-a4d9-e0d04e1fab4b",
      "title": "",
      "fullFile": "cypress\\integration\\E2E\\taskPage1.ts",
      "file": "cypress\\integration\\E2E\\taskPage1.ts",
      "beforeHooks": [],
      "afterHooks": [],
      "tests": [],
      "suites": [
        {
          "uuid": "61c666a9-2fd5-4dac-9305-458869c0bef4",
          "title": "Zadanie 1 Page",
          "fullFile": "",
          "file": "",
          "beforeHooks": [],
          "afterHooks": [],
          "tests": [
            {
              "title": "Should test of Zadanie 1",
              "fullTitle": "Zadanie 1 Page Should test of Zadanie 1",
              "timedOut": null,
              "duration": 2784,
              "state": "passed",
              "speed": "slow",
              "pass": true,
              "fail": false,
              "pending": false,
              "context": null,
              "code": "ce.getOpenDetails().click();\nce.getClose().click();\ntaskPage.getGlassesFormControl().clear().type('15');\ntaskPage.getAddGlassesBtn().should('be.visible').click();\ntaskPage.getQuantityForGlasses().should('have.text', '15');\ntaskPage.getBallFormControl().clear().type('15');\ntaskPage.getAddBallBtn().should('be.visible').click();\ntaskPage.getCameraFormControl().clear().type('101');\ntaskPage.getAddCameraBtn().should('be.visible').click();\ntaskPage.getCameraFormControl().clear().type('0');\ntaskPage.getAddCameraBtn().should('be.visible').click();\ntaskPage.getBasketSummary().should(function ($basketSummary) {\n    expect($basketSummary.eq(0)).to.contain('Łączna ilość produktów:');\n    expect($basketSummary.eq(1)).to.contain('Do zapłaty:');\n});\nce.getMainReset().click();",
              "err": {},
              "uuid": "7d9076a3-800f-4971-83cd-4a354cd04760",
              "parentUUID": "61c666a9-2fd5-4dac-9305-458869c0bef4",
              "isHook": false,
              "skipped": false
            }
          ],
          "suites": [],
          "passes": [
            "7d9076a3-800f-4971-83cd-4a354cd04760"
          ],
          "failures": [],
          "pending": [],
          "skipped": [],
          "duration": 2784,
          "root": false,
          "rootEmpty": false,
          "_timeout": 2000
        }
      ],
      "passes": [],
      "failures": [],
      "pending": [],
      "skipped": [],
      "duration": 0,
      "root": true,
      "rootEmpty": true,
      "_timeout": 2000
    },
    {
      "uuid": "da6dcf4f-d28e-47d3-be46-5db3cee8643a",
      "title": "",
      "fullFile": "cypress\\integration\\E2E\\taskPage2.ts",
      "file": "cypress\\integration\\E2E\\taskPage2.ts",
      "beforeHooks": [],
      "afterHooks": [],
      "tests": [],
      "suites": [
        {
          "uuid": "687efd7b-8154-4216-9e27-df32d4242c8e",
          "title": "Zadanie 2 Page",
          "fullFile": "",
          "file": "",
          "beforeHooks": [],
          "afterHooks": [],
          "tests": [
            {
              "title": "Should test of Zadanie 2",
              "fullTitle": "Zadanie 2 Page Should test of Zadanie 2",
              "timedOut": null,
              "duration": 2368,
              "state": "passed",
              "speed": "slow",
              "pass": true,
              "fail": false,
              "pending": false,
              "context": null,
              "code": "ce.getOpenDetails().click();\nce.getClose().click();\ntaskPage.getSelectionPlaceholder().should('have.text', 'Proszę wybrać kategorie').click();\ntaskPage.getChooseProduct().should(function ($chooseProduct) {\n    expect($chooseProduct.eq(0)).to.contain('');\n    expect($chooseProduct.eq(1)).to.contain('Sport');\n    expect($chooseProduct.eq(2)).to.contain('Elektronika');\n    expect($chooseProduct.eq(3)).to.contain('Firma i usługi');\n});\ntaskPage.getInputChooseProduct().type('Sport{enter}');\ntaskPage.getSelectionArrow().click();\ntaskPage.getInputChooseProduct().clear().type('Elektronika{enter}');\ntaskPage.getSelectionArrow().click();\ntaskPage.getInputChooseProduct().clear().type('Firma i usługi{enter}');\nce.getMainReset().click();",
              "err": {},
              "uuid": "06831535-6128-43bd-bd04-49b0c4d9610d",
              "parentUUID": "687efd7b-8154-4216-9e27-df32d4242c8e",
              "isHook": false,
              "skipped": false
            }
          ],
          "suites": [],
          "passes": [
            "06831535-6128-43bd-bd04-49b0c4d9610d"
          ],
          "failures": [],
          "pending": [],
          "skipped": [],
          "duration": 2368,
          "root": false,
          "rootEmpty": false,
          "_timeout": 2000
        }
      ],
      "passes": [],
      "failures": [],
      "pending": [],
      "skipped": [],
      "duration": 0,
      "root": true,
      "rootEmpty": true,
      "_timeout": 2000
    },
    {
      "uuid": "65ef2cac-a3c4-4d75-a673-3396eeaa60b2",
      "title": "",
      "fullFile": "cypress\\integration\\E2E\\taskPage3.ts",
      "file": "cypress\\integration\\E2E\\taskPage3.ts",
      "beforeHooks": [],
      "afterHooks": [],
      "tests": [],
      "suites": [
        {
          "uuid": "db28d948-b9cb-4790-9ea7-5e87772f8a54",
          "title": "Zadanie 3 Page",
          "fullFile": "",
          "file": "",
          "beforeHooks": [],
          "afterHooks": [],
          "tests": [
            {
              "title": "Should test of Zadanie 3",
              "fullTitle": "Zadanie 3 Page Should test of Zadanie 3",
              "timedOut": null,
              "duration": 13609,
              "state": "failed",
              "speed": null,
              "pass": false,
              "fail": true,
              "pending": false,
              "context": null,
              "code": "ce.getOpenDetails().click();\nce.getClose().click();\ntaskPage.getMenuBtn().should('be.visible').click();\ntaskPage.getItemForm().click({ force: true });\ntaskPage.getCaretRight().click({ force: true });\ntaskPage.getEditMode().click({ force: true });\nce.getUserData().then(function (user) {\n    taskPage.getInputName().clear().type(user.name);\n    taskPage.getInputSurname().clear().type(user.surname);\n    taskPage.getTextAreaNotes().clear().type(user.notes);\n    taskPage.getInputPhone().clear().type(user.phone);\n});\ntaskPage.getUploadfileBtn().click();\ncy.fixture('tor').as('torJpg');\ntaskPage.getSaveBtn().click();\n/*ce.getMainReset().click();*/",
              "err": {
                "message": "CypressError: Timed out retrying: `cy.click()` failed because the center of this element is hidden from view:\n\n`<input id=\"in-file\" type=\"file\" accept=\"image/x-png, image/gif, image/jpeg\">`\n\nFix this problem, or use `{force: true}` to disable error checking.\n\nhttps://on.cypress.io/element-cannot-be-interacted-with",
                "estack": "CypressError: Timed out retrying: `cy.click()` failed because the center of this element is hidden from view:\n\n`<input id=\"in-file\" type=\"file\" accept=\"image/x-png, image/gif, image/jpeg\">`\n\nFix this problem, or use `{force: true}` to disable error checking.\n\nhttps://on.cypress.io/element-cannot-be-interacted-with\n    at $Cy.ensureDescendents (https://testingcup.pgs-soft.com/__cypress/runner/cypress_runner.js:161335:24)\n    at ensureDescendents (https://testingcup.pgs-soft.com/__cypress/runner/cypress_runner.js:149885:8)\n    at ensureDescendentsAndScroll (https://testingcup.pgs-soft.com/__cypress/runner/cypress_runner.js:149892:14)\n    at ensureElIsNotCovered (https://testingcup.pgs-soft.com/__cypress/runner/cypress_runner.js:150026:5)\n    at runAllChecks (https://testingcup.pgs-soft.com/__cypress/runner/cypress_runner.js:150172:52)\n    at retryActionability (https://testingcup.pgs-soft.com/__cypress/runner/cypress_runner.js:150195:16)\n    at tryCatcher (https://testingcup.pgs-soft.com/__cypress/runner/cypress_runner.js:10584:23)\n    at Function.Promise.attempt.Promise.try (https://testingcup.pgs-soft.com/__cypress/runner/cypress_runner.js:7858:29)\n    at tryFn (https://testingcup.pgs-soft.com/__cypress/runner/cypress_runner.js:165607:21)\n    at whenStable (https://testingcup.pgs-soft.com/__cypress/runner/cypress_runner.js:165645:12)\n    at https://testingcup.pgs-soft.com/__cypress/runner/cypress_runner.js:165140:16\n    at tryCatcher (https://testingcup.pgs-soft.com/__cypress/runner/cypress_runner.js:10584:23)\n    at Promise._settlePromiseFromHandler (https://testingcup.pgs-soft.com/__cypress/runner/cypress_runner.js:8519:31)\n    at Promise._settlePromise (https://testingcup.pgs-soft.com/__cypress/runner/cypress_runner.js:8576:18)\n    at Promise._settlePromise0 (https://testingcup.pgs-soft.com/__cypress/runner/cypress_runner.js:8621:10)\n    at Promise._settlePromises (https://testingcup.pgs-soft.com/__cypress/runner/cypress_runner.js:8701:18)\nFrom Your Spec Code:\n    at Context.eval (https://testingcup.pgs-soft.com/__cypress/tests?p=cypress\\integration\\E2E\\taskPage3.ts:38:37)",
                "diff": null
              },
              "uuid": "a7341487-331c-4a27-acd7-966020ca820b",
              "parentUUID": "db28d948-b9cb-4790-9ea7-5e87772f8a54",
              "isHook": false,
              "skipped": false
            }
          ],
          "suites": [],
          "passes": [],
          "failures": [
            "a7341487-331c-4a27-acd7-966020ca820b"
          ],
          "pending": [],
          "skipped": [],
          "duration": 13609,
          "root": false,
          "rootEmpty": false,
          "_timeout": 2000
        }
      ],
      "passes": [],
      "failures": [],
      "pending": [],
      "skipped": [],
      "duration": 0,
      "root": true,
      "rootEmpty": true,
      "_timeout": 2000
    },
    {
      "uuid": "ea09cdf3-279b-442b-81b4-afcc6611d235",
      "title": "",
      "fullFile": "cypress\\integration\\E2E\\taskPage4.ts",
      "file": "cypress\\integration\\E2E\\taskPage4.ts",
      "beforeHooks": [],
      "afterHooks": [],
      "tests": [],
      "suites": [
        {
          "uuid": "f404afd3-8a12-4324-8aa0-34c76ef60a36",
          "title": "Zadanie 4 Page",
          "fullFile": "",
          "file": "",
          "beforeHooks": [],
          "afterHooks": [],
          "tests": [
            {
              "title": "Should Clicking the Apply button opens a new browser window with the form",
              "fullTitle": "Zadanie 4 Page Should Clicking the Apply button opens a new browser window with the form",
              "timedOut": null,
              "duration": 1368,
              "state": "passed",
              "speed": "slow",
              "pass": true,
              "fail": false,
              "pending": false,
              "context": null,
              "code": "ce.getOpenDetails().click();\nce.getClose().click();\ntaskPage.getApplyBtn().click();",
              "err": {},
              "uuid": "70224669-9f18-4d8c-9ce0-96c957a1f54b",
              "parentUUID": "f404afd3-8a12-4324-8aa0-34c76ef60a36",
              "isHook": false,
              "skipped": false
            },
            {
              "title": "Should be complete the form and send the form",
              "fullTitle": "Zadanie 4 Page Should be complete the form and send the form",
              "timedOut": null,
              "duration": 1314,
              "state": "passed",
              "speed": "slow",
              "pass": true,
              "fail": false,
              "pending": false,
              "context": null,
              "code": "taskPage = index_1.Navigation.taskPage4_frame();\nce.getUserData().then(function (user) {\n    taskPage.getInputName().type(user.name);\n    taskPage.getInputEmail().type(user.email);\n    taskPage.getInputPhone().type(user.phone);\n});\ntaskPage.getSaveBtn().click();\ntaskPage.getTexth1().should('have.text', text);",
              "err": {},
              "uuid": "b7915905-ea37-4c3d-b2ea-1a79c4a1cdc4",
              "parentUUID": "f404afd3-8a12-4324-8aa0-34c76ef60a36",
              "isHook": false,
              "skipped": false
            }
          ],
          "suites": [],
          "passes": [
            "70224669-9f18-4d8c-9ce0-96c957a1f54b",
            "b7915905-ea37-4c3d-b2ea-1a79c4a1cdc4"
          ],
          "failures": [],
          "pending": [],
          "skipped": [],
          "duration": 2682,
          "root": false,
          "rootEmpty": false,
          "_timeout": 2000
        }
      ],
      "passes": [],
      "failures": [],
      "pending": [],
      "skipped": [],
      "duration": 0,
      "root": true,
      "rootEmpty": true,
      "_timeout": 2000
    },
    {
      "uuid": "f88dbe66-a50b-4a08-aff7-81ec7f8ebbe4",
      "title": "",
      "fullFile": "cypress\\integration\\E2E\\mainPage.ts",
      "file": "cypress\\integration\\E2E\\mainPage.ts",
      "beforeHooks": [],
      "afterHooks": [],
      "tests": [],
      "suites": [
        {
          "uuid": "5a2da8f0-a768-4fa7-bf46-77ae85b6723a",
          "title": "Main page",
          "fullFile": "",
          "file": "",
          "beforeHooks": [],
          "afterHooks": [],
          "tests": [
            {
              "title": "Should show elements of main page",
              "fullTitle": "Main page Should show elements of main page",
              "timedOut": null,
              "duration": 1360,
              "state": "passed",
              "speed": "slow",
              "pass": true,
              "fail": false,
              "pending": false,
              "context": null,
              "code": "mainPage.getLogoAsta().should('be.visible');\nmainPage.getLogoAstaLink().should('have.attr', 'href', 'https://asta.pgs-soft.com/');\nmainPage.getLogoPgs().should('be.visible');\nmainPage.getTaskList().should(function ($tasklist) {\n    expect($tasklist.eq(0)).to.contain('Zadanie 1');\n    expect($tasklist.eq(1)).to.contain('Zadanie 2');\n    expect($tasklist.eq(2)).to.contain('Zadanie 3');\n    expect($tasklist.eq(3)).to.contain('Zadanie 4');\n    expect($tasklist.eq(4)).to.contain('Zadanie 5');\n    expect($tasklist.eq(5)).to.contain('Zadanie 6');\n    expect($tasklist.eq(6)).to.contain('Zadanie 7');\n    expect($tasklist.eq(7)).to.contain('Zadanie 8');\n    expect($tasklist.eq(8)).to.contain('Zadanie 9');\n    expect($tasklist.eq(9)).to.contain('Zadanie 10');\n});\nmainPage.getZadanie1().click();",
              "err": {},
              "uuid": "3844727d-29ec-479c-9ee8-004d6d2b0016",
              "parentUUID": "5a2da8f0-a768-4fa7-bf46-77ae85b6723a",
              "isHook": false,
              "skipped": false
            }
          ],
          "suites": [],
          "passes": [
            "3844727d-29ec-479c-9ee8-004d6d2b0016"
          ],
          "failures": [],
          "pending": [],
          "skipped": [],
          "duration": 1360,
          "root": false,
          "rootEmpty": false,
          "_timeout": 2000
        }
      ],
      "passes": [],
      "failures": [],
      "pending": [],
      "skipped": [],
      "duration": 0,
      "root": true,
      "rootEmpty": true,
      "_timeout": 2000
    }
  ],
  "meta": {
    "mocha": {
      "version": "7.0.1"
    },
    "mochawesome": {
      "options": {
        "quiet": false,
        "reportFilename": "mochawesome",
        "saveHtml": false,
        "saveJson": true,
        "consoleReporter": "spec",
        "useInlineDiffs": false,
        "code": true
      },
      "version": "6.2.1"
    },
    "marge": {
      "options": {
        "id": "default",
        "reportDir": "cypress/reports/mocha",
        "quite": true,
        "overwrite": false,
        "html": false,
        "json": true
      },
      "version": "5.1.0"
    }
  }
}